<?xml version="1.0" encoding="UTF-8"?>
<Site BuildName="Linux-clang++"
	BuildStamp="20240701-0102-Experimental"
	Name="asd"
	Generator="ctest-3.27.7"
	CompilerName="/usr/bin/clang++"
	CompilerVersion="15.0.7"
	OSName="Linux"
	Hostname="asd"
	OSRelease="6.5.0-35-generic"
	OSVersion="#35~22.04.1-Ubuntu SMP PREEMPT_DYNAMIC Tue May  7 09:00:52 UTC 2"
	OSPlatform="x86_64"
	Is64Bits="1"
	VendorString="GenuineIntel"
	VendorID="Intel Corporation"
	FamilyID="6"
	ModelID="151"
	ProcessorCacheSize="18432"
	NumberOfLogicalCPU="12"
	NumberOfPhysicalCPU="6"
	TotalVirtualMemory="9536"
	TotalPhysicalMemory="15792"
	LogicalProcessorsPerPhysical="2"
	ProcessorClockFrequency="3789.18"
	>
	<Testing>
		<StartDateTime>Jul 01 09:02 CST</StartDateTime>
		<StartTestTime>1719795741</StartTestTime>
		<TestList/>
		<EndDateTime>Jul 01 09:02 CST</EndDateTime>
		<EndTestTime>1719795741</EndTestTime>
		<ElapsedMinutes>0</ElapsedMinutes>
	</Testing>
</Site>
